#
# There is insufficient memory for the Java Runtime Environment to continue.
# Native memory allocation (malloc) failed to allocate 275056 bytes for Chunk::new
# Possible reasons:
#   The system is out of physical RAM or swap space
#   In 32 bit mode, the process size limit was hit
# Possible solutions:
#   Reduce memory load on the system
#   Increase physical memory or swap space
#   Check if swap backing store is full
#   Use 64 bit Java on a 64 bit OS
#   Decrease Java heap size (-Xmx/-Xms)
#   Decrease number of Java threads
#   Decrease Java thread stack sizes (-Xss)
#   Set larger code cache with -XX:ReservedCodeCacheSize=
# This output file may be truncated or incomplete.
#
#  Out of Memory Error (allocation.cpp:390), pid=31032, tid=0x0000000000006f1c
#
# JRE version: OpenJDK Runtime Environment (8.0) (build 1.8.0-adoptopenjdk-_2018_05_19_00_59-b00)
# Java VM: OpenJDK 64-Bit Server VM (25.71-b00 mixed mode windows-amd64 compressed oops)
# Failed to write core dump. Minidumps are not enabled by default on client versions of Windows
#

---------------  T H R E A D  ---------------

Current thread (0x000000001e281000):  JavaThread "C2 CompilerThread0" daemon [_thread_in_native, id=28444, stack(0x000000001e9a0000,0x000000001eaa0000)]

Stack: [0x000000001e9a0000,0x000000001eaa0000]
[error occurred during error reporting (printing stack bounds), id 0xc0000005]

Native frames: (J=compiled Java code, j=interpreted, Vv=VM code, C=native code)


Current CompileTask:
C2:    316  468   !   4       sun.misc.URLClassPath$JarLoader::getResource (85 bytes)


---------------  P R O C E S S  ---------------

Java Threads: ( => current thread )
  0x000000001e373800 JavaThread "Service Thread" daemon [_thread_blocked, id=30380, stack(0x000000001eda0000,0x000000001eea0000)]
  0x000000001e2e7000 JavaThread "C1 CompilerThread3" daemon [_thread_blocked, id=5272, stack(0x000000001eca0000,0x000000001eda0000)]
  0x000000001c35d000 JavaThread "C2 CompilerThread2" daemon [_thread_blocked, id=19296, stack(0x000000001eba0000,0x000000001eca0000)]
  0x000000001c358000 JavaThread "C2 CompilerThread1" daemon [_thread_blocked, id=5832, stack(0x000000001eaa0000,0x000000001eba0000)]
=>0x000000001e281000 JavaThread "C2 CompilerThread0" daemon [_thread_in_native, id=28444, stack(0x000000001e9a0000,0x000000001eaa0000)]
  0x000000001e280000 JavaThread "Attach Listener" daemon [_thread_blocked, id=25976, stack(0x000000001e8a0000,0x000000001e9a0000)]
  0x000000001e2d8800 JavaThread "Signal Dispatcher" daemon [_thread_blocked, id=29848, stack(0x000000001e7a0000,0x000000001e8a0000)]
  0x000000001e261000 JavaThread "Finalizer" daemon [_thread_blocked, id=11972, stack(0x000000001e640000,0x000000001e740000)]
  0x000000001c34b800 JavaThread "Reference Handler" daemon [_thread_blocked, id=8900, stack(0x000000001e140000,0x000000001e240000)]
  0x0000000002743800 JavaThread "main" [_thread_in_vm, id=26076, stack(0x0000000002640000,0x0000000002740000)]

Other Threads:
  0x000000001c347800 VMThread [stack: 0x000000001e040000,0x000000001e140000] [id=28548]
  0x000000001e329800 WatcherThread [stack: 0x000000001eea0000,0x000000001efa0000] [id=24232]

VM state:not at safepoint (normal execution)

VM Mutex/Monitor currently owned by a thread: None

Heap:
 PSYoungGen      total 76288K, used 11868K [0x000000076ae00000, 0x0000000770300000, 0x00000007c0000000)
  eden space 65536K, 18% used [0x000000076ae00000,0x000000076b997020,0x000000076ee00000)
  from space 10752K, 0% used [0x000000076f880000,0x000000076f880000,0x0000000770300000)
  to   space 10752K, 0% used [0x000000076ee00000,0x000000076ee00000,0x000000076f880000)
 ParOldGen       total 175104K, used 0K [0x00000006c0a00000, 0x00000006cb500000, 0x000000076ae00000)
  object space 175104K, 0% used [0x00000006c0a00000,0x00000006c0a00000,0x00000006cb500000)
 Metaspace       used 7461K, capacity 7678K, committed 7936K, reserved 1056768K
  class space    used 887K, capacity 962K, committed 1024K, reserved 1048576K

Card table byte_map: [0x0000000011c00000,0x0000000012400000] byte_map_base: 0x000000000e5fb000

Marking Bits: (ParMarkBitMap*) 0x00000000632abe50
 Begin Bits: [0x0000000013160000, 0x0000000017138000)
 End Bits:   [0x0000000017138000, 0x000000001b110000)

Polling page: 0x0000000000ab0000

CodeCache: size=245760Kb used=2071Kb max_used=2071Kb free=243688Kb
 bounds [0x0000000002840000, 0x0000000002ab0000, 0x0000000011840000]
 total_blobs=794 nmethods=470 adapters=238
 compilation: enabled

Compilation events (10 events):
Event: 0.305 Thread 0x000000001e2e7000 nmethod 466 0x0000000002a45590 code [0x0000000002a45700, 0x0000000002a45b28]
Event: 0.311 Thread 0x000000001e2e7000  467       3       java.util.StringTokenizer::skipDelimiters (116 bytes)
Event: 0.311 Thread 0x000000001e281000  468   !   4       sun.misc.URLClassPath$JarLoader::getResource (85 bytes)
Event: 0.312 Thread 0x000000001e2e7000 nmethod 467 0x0000000002a440d0 code [0x0000000002a442e0, 0x0000000002a44e98]
Event: 0.312 Thread 0x000000001e2e7000  469       3       sun.misc.URLClassPath$JarLoader::findResource (18 bytes)
Event: 0.312 Thread 0x000000001e2e7000 nmethod 469 0x0000000002a43bd0 code [0x0000000002a43d40, 0x0000000002a43fd8]
Event: 0.314 Thread 0x000000001e2e7000  470       1       java.util.logging.LogManager$LoggerContext::getOwner (5 bytes)
Event: 0.314 Thread 0x000000001e2e7000 nmethod 470 0x0000000002a43910 code [0x0000000002a43a60, 0x0000000002a43b70]
Event: 0.314 Thread 0x000000001e2e7000  471  s    3       java.util.Hashtable::get (69 bytes)
Event: 0.315 Thread 0x000000001e2e7000 nmethod 471 0x0000000002a42ed0 code [0x0000000002a43060, 0x0000000002a43698]

GC Heap History (0 events):
No events

Deoptimization events (1 events):
Event: 0.311 Thread 0x0000000002743800 Uncommon trap: reason=unstable_if action=reinterpret pc=0x0000000002a0eddc method=java.lang.String.indexOf([CII[CIII)I @ 3

Classes redefined (0 events):
No events

Internal exceptions (10 events):
Event: 0.300 Thread 0x0000000002743800 Exception <a 'sun/nio/fs/WindowsException'> (0x000000076b848c10) thrown at [C:\Users\jenkins\workspace\openjdk8_build_x86-64_windows\openjdk\hotspot\src\share\vm\prims\jni.cpp, line 709]
Event: 0.300 Thread 0x0000000002743800 Exception <a 'sun/nio/fs/WindowsException'> (0x000000076b849198) thrown at [C:\Users\jenkins\workspace\openjdk8_build_x86-64_windows\openjdk\hotspot\src\share\vm\prims\jni.cpp, line 709]
Event: 0.300 Thread 0x0000000002743800 Exception <a 'sun/nio/fs/WindowsException'> (0x000000076b849be8) thrown at [C:\Users\jenkins\workspace\openjdk8_build_x86-64_windows\openjdk\hotspot\src\share\vm\prims\jni.cpp, line 709]
Event: 0.300 Thread 0x0000000002743800 Exception <a 'sun/nio/fs/WindowsException'> (0x000000076b84a1b0) thrown at [C:\Users\jenkins\workspace\openjdk8_build_x86-64_windows\openjdk\hotspot\src\share\vm\prims\jni.cpp, line 709]
Event: 0.301 Thread 0x0000000002743800 Exception <a 'sun/nio/fs/WindowsException'> (0x000000076b84cd98) thrown at [C:\Users\jenkins\workspace\openjdk8_build_x86-64_windows\openjdk\hotspot\src\share\vm\prims\jni.cpp, line 709]
Event: 0.301 Thread 0x0000000002743800 Exception <a 'sun/nio/fs/WindowsException'> (0x000000076b84d310) thrown at [C:\Users\jenkins\workspace\openjdk8_build_x86-64_windows\openjdk\hotspot\src\share\vm\prims\jni.cpp, line 709]
Event: 0.301 Thread 0x0000000002743800 Exception <a 'sun/nio/fs/WindowsException'> (0x000000076b84dd60) thrown at [C:\Users\jenkins\workspace\openjdk8_build_x86-64_windows\openjdk\hotspot\src\share\vm\prims\jni.cpp, line 709]
Event: 0.301 Thread 0x0000000002743800 Exception <a 'sun/nio/fs/WindowsException'> (0x000000076b84e310) thrown at [C:\Users\jenkins\workspace\openjdk8_build_x86-64_windows\openjdk\hotspot\src\share\vm\prims\jni.cpp, line 709]
Event: 0.311 Thread 0x0000000002743800 Exception <a 'java/lang/ClassNotFoundException': com/sun/org/glassfish/hk2/osgiresourcelocator/ServiceLoader> (0x000000076b89db88) thrown at [C:\Users\jenkins\workspace\openjdk8_build_x86-64_windows\openjdk\hotspot\src\share\vm\classfile\systemDictionary.
Event: 0.314 Thread 0x0000000002743800 Exception <a 'java/lang/NullPointerException'> (0x000000076b8b4978) thrown at [C:\Users\jenkins\workspace\openjdk8_build_x86-64_windows\openjdk\hotspot\src\share\vm\interpreter\linkResolver.cpp, line 1287]

Events (10 events):
Event: 0.315 loading class com/sun/xml/internal/bind/v2/model/impl/Utils$1
Event: 0.315 loading class com/sun/xml/internal/bind/v2/model/impl/Utils$1 done
Event: 0.315 loading class com/sun/xml/internal/bind/v2/runtime/Location
Event: 0.315 loading class com/sun/xml/internal/bind/v2/runtime/Location done
Event: 0.315 loading class com/sun/xml/internal/bind/v2/model/impl/ModelBuilder$1
Event: 0.315 loading class com/sun/xml/internal/bind/v2/model/core/ErrorHandler
Event: 0.315 loading class com/sun/xml/internal/bind/v2/model/core/ErrorHandler done
Event: 0.315 loading class com/sun/xml/internal/bind/v2/model/impl/ModelBuilder$1 done
Event: 0.315 loading class com/sun/xml/internal/bind/v2/model/impl/RuntimeTypeInfoSetImpl
Event: 0.315 loading class com/sun/xml/internal/bind/v2/model/runtime/RuntimeTypeInfoSet


Dynamic libraries:
0x00007ff781550000 - 0x00007ff781585000 	C:\Program Files\Unity\Hub\Editor\2018.4.9f1\Editor\Data\PlaybackEngines\AndroidPlayer\Tools\OpenJDK\Windows\bin\java.exe
0x00007ffadb1e0000 - 0x00007ffadb3d0000 	C:\WINDOWS\SYSTEM32\ntdll.dll
0x00007ffadaed0000 - 0x00007ffadaf82000 	C:\WINDOWS\System32\KERNEL32.DLL
0x00007ffad8de0000 - 0x00007ffad9083000 	C:\WINDOWS\System32\KERNELBASE.dll
0x00007ffad94e0000 - 0x00007ffad9583000 	C:\WINDOWS\System32\ADVAPI32.dll
0x00007ffad98f0000 - 0x00007ffad998e000 	C:\WINDOWS\System32\msvcrt.dll
0x00007ffad9a00000 - 0x00007ffad9a97000 	C:\WINDOWS\System32\sechost.dll
0x00007ffadaf90000 - 0x00007ffadb0b0000 	C:\WINDOWS\System32\RPCRT4.dll
0x00007ffad9d20000 - 0x00007ffad9eb4000 	C:\WINDOWS\System32\USER32.dll
0x00007ffad8220000 - 0x00007ffad8241000 	C:\WINDOWS\System32\win32u.dll
0x00007ffadb170000 - 0x00007ffadb196000 	C:\WINDOWS\System32\GDI32.dll
0x00007ffad90f0000 - 0x00007ffad9284000 	C:\WINDOWS\System32\gdi32full.dll
0x00007ffad83a0000 - 0x00007ffad843e000 	C:\WINDOWS\System32\msvcp_win.dll
0x00007ffad8250000 - 0x00007ffad834a000 	C:\WINDOWS\System32\ucrtbase.dll
0x00007ffac5dd0000 - 0x00007ffac6055000 	C:\WINDOWS\WinSxS\amd64_microsoft.windows.common-controls_6595b64144ccf1df_6.0.18362.720_none_e6beb5c51314836b\COMCTL32.dll
0x00007ffadaa50000 - 0x00007ffadad86000 	C:\WINDOWS\System32\combase.dll
0x00007ffad8170000 - 0x00007ffad81f0000 	C:\WINDOWS\System32\bcryptPrimitives.dll
0x00007ffad9290000 - 0x00007ffad92be000 	C:\WINDOWS\System32\IMM32.DLL
0x0000000063330000 - 0x0000000063402000 	C:\Program Files\Unity\Hub\Editor\2018.4.9f1\Editor\Data\PlaybackEngines\AndroidPlayer\Tools\OpenJDK\Windows\jre\bin\msvcr100.dll
0x0000000062ae0000 - 0x0000000063329000 	C:\Program Files\Unity\Hub\Editor\2018.4.9f1\Editor\Data\PlaybackEngines\AndroidPlayer\Tools\OpenJDK\Windows\jre\bin\server\jvm.dll
0x00007ffad92c0000 - 0x00007ffad92c8000 	C:\WINDOWS\System32\PSAPI.DLL
0x00007ffad1240000 - 0x00007ffad1249000 	C:\WINDOWS\SYSTEM32\WSOCK32.dll
0x00007ffad3f30000 - 0x00007ffad3f3a000 	C:\WINDOWS\SYSTEM32\VERSION.dll
0x00007ffad9990000 - 0x00007ffad99ff000 	C:\WINDOWS\System32\WS2_32.dll
0x00007ffad4ce0000 - 0x00007ffad4d04000 	C:\WINDOWS\SYSTEM32\WINMM.dll
0x00007ffad4c70000 - 0x00007ffad4c9d000 	C:\WINDOWS\SYSTEM32\WINMMBASE.dll
0x00007ffad8350000 - 0x00007ffad839a000 	C:\WINDOWS\System32\cfgmgr32.dll
0x00007ffacd4f0000 - 0x00007ffacd4ff000 	C:\Program Files\Unity\Hub\Editor\2018.4.9f1\Editor\Data\PlaybackEngines\AndroidPlayer\Tools\OpenJDK\Windows\jre\bin\verify.dll
0x00007ffacba90000 - 0x00007ffacbab9000 	C:\Program Files\Unity\Hub\Editor\2018.4.9f1\Editor\Data\PlaybackEngines\AndroidPlayer\Tools\OpenJDK\Windows\jre\bin\java.dll
0x00007ffac9a00000 - 0x00007ffac9a16000 	C:\Program Files\Unity\Hub\Editor\2018.4.9f1\Editor\Data\PlaybackEngines\AndroidPlayer\Tools\OpenJDK\Windows\jre\bin\zip.dll
0x00007ffada360000 - 0x00007ffadaa45000 	C:\WINDOWS\System32\SHELL32.dll
0x00007ffad9430000 - 0x00007ffad94d9000 	C:\WINDOWS\System32\shcore.dll
0x00007ffad8440000 - 0x00007ffad8bc0000 	C:\WINDOWS\System32\windows.storage.dll
0x00007ffad8140000 - 0x00007ffad8163000 	C:\WINDOWS\System32\profapi.dll
0x00007ffad80d0000 - 0x00007ffad811a000 	C:\WINDOWS\System32\powrprof.dll
0x00007ffad80a0000 - 0x00007ffad80b0000 	C:\WINDOWS\System32\UMPDC.dll
0x00007ffadb0b0000 - 0x00007ffadb102000 	C:\WINDOWS\System32\shlwapi.dll
0x00007ffad8120000 - 0x00007ffad8131000 	C:\WINDOWS\System32\kernel.appcore.dll
0x00007ffad8dc0000 - 0x00007ffad8dd7000 	C:\WINDOWS\System32\cryptsp.dll
0x00007ffac99e0000 - 0x00007ffac99fa000 	C:\Program Files\Unity\Hub\Editor\2018.4.9f1\Editor\Data\PlaybackEngines\AndroidPlayer\Tools\OpenJDK\Windows\jre\bin\net.dll
0x00007ffad7910000 - 0x00007ffad7977000 	C:\WINDOWS\system32\mswsock.dll
0x00007ffac30a0000 - 0x00007ffac30b1000 	C:\Program Files\Unity\Hub\Editor\2018.4.9f1\Editor\Data\PlaybackEngines\AndroidPlayer\Tools\OpenJDK\Windows\jre\bin\nio.dll

VM Arguments:
jvm_args: -Dcom.android.sdkmanager.toolsdir=C:\Users\user\AppData\Local\Android\Sdk\tools\bin\\.. 
java_command: com.android.sdklib.tool.AvdManagerCli list target -c
java_class_path (initial): C:\Users\user\AppData\Local\Android\Sdk\tools\bin\..\lib\dvlib-26.0.0-dev.jar;C:\Users\user\AppData\Local\Android\Sdk\tools\bin\..\lib\jimfs-1.1.jar;C:\Users\user\AppData\Local\Android\Sdk\tools\bin\..\lib\jsr305-1.3.9.jar;C:\Users\user\AppData\Local\Android\Sdk\tools\bin\..\lib\repository-26.0.0-dev.jar;C:\Users\user\AppData\Local\Android\Sdk\tools\bin\..\lib\j2objc-annotations-1.1.jar;C:\Users\user\AppData\Local\Android\Sdk\tools\bin\..\lib\layoutlib-api-26.0.0-dev.jar;C:\Users\user\AppData\Local\Android\Sdk\tools\bin\..\lib\gson-2.3.jar;C:\Users\user\AppData\Local\Android\Sdk\tools\bin\..\lib\httpcore-4.2.5.jar;C:\Users\user\AppData\Local\Android\Sdk\tools\bin\..\lib\commons-logging-1.1.1.jar;C:\Users\user\AppData\Local\Android\Sdk\tools\bin\..\lib\commons-compress-1.12.jar;C:\Users\user\AppData\Local\Android\Sdk\tools\bin\..\lib\annotations-26.0.0-dev.jar;C:\Users\user\AppData\Local\Android\Sdk\tools\bin\..\lib\error_prone_annotations-2.0.18.jar;C:\Users\user\AppData\Local\Android\Sdk\tools\bin\..\lib\animal-sniffer-annotations-1.14.jar;C:\Users\user\AppData\Local\Android\Sdk\tools\bin\..\lib\httpclient-4.2.6.jar;C:\Users\user\AppData\Local\Android\Sdk\tools\bin\..\lib\commons-codec-1.6.jar;C:\Users\user\AppData\Local\Android\Sdk\tools\bin\..\lib\common-26.0.0-dev.jar;C:\Users\user\AppData\Local\Android\Sdk\tools\bin\..\lib\kxml2-2.3.0.jar;C:\Users\user\AppData\Local\Android\Sdk\tools\bin\..\lib\httpmime-4.1.jar;C:\Users\user\AppData\Local\Android\Sdk\tools\bin\..\lib\annotations-12.0.jar;C:\Users\user\AppData\Local\Android\Sdk\tools\bin\..\lib\sdklib-26.0.0-dev.jar;C:\Users\user\AppData\Local\Android\Sdk\tools\bin\..\lib\guava-22.0.jar
Launcher Type: SUN_STANDARD

Environment Variables:
JAVA_HOME=C:\Program Files\Unity\Hub\Editor\2018.4.9f1\Editor\Data\PlaybackEngines\AndroidPlayer/Tools\OpenJDK\Windows
CLASSPATH=C:\Users\user\AppData\Local\Android\Sdk\tools\bin\..\lib\dvlib-26.0.0-dev.jar;C:\Users\user\AppData\Local\Android\Sdk\tools\bin\..\lib\jimfs-1.1.jar;C:\Users\user\AppData\Local\Android\Sdk\tools\bin\..\lib\jsr305-1.3.9.jar;C:\Users\user\AppData\Local\Android\Sdk\tools\bin\..\lib\repository-26.0.0-dev.jar;C:\Users\user\AppData\Local\Android\Sdk\tools\bin\..\lib\j2objc-annotations-1.1.jar;C:\Users\user\AppData\Local\Android\Sdk\tools\bin\..\lib\layoutlib-api-26.0.0-dev.jar;C:\Users\user\AppData\Local\Android\Sdk\tools\bin\..\lib\gson-2.3.jar;C:\Users\user\AppData\Local\Android\Sdk\tools\bin\..\lib\httpcore-4.2.5.jar;C:\Users\user\AppData\Local\Android\Sdk\tools\bin\..\lib\commons-logging-1.1.1.jar;C:\Users\user\AppData\Local\Android\Sdk\tools\bin\..\lib\commons-compress-1.12.jar;C:\Users\user\AppData\Local\Android\Sdk\tools\bin\..\lib\annotations-26.0.0-dev.jar;C:\Users\user\AppData\Local\Android\Sdk\tools\bin\..\lib\error_prone_annotations-2.0.18.jar;C:\Users\user\AppData\Local\Android\Sdk\tools\bin\..\lib\animal-sniffer-annotations-1.14.jar;C:\Users\user\AppData\Local\Android\Sdk\tools\bin\..\lib\httpclient-4.2.6.jar;C:\Users\user\AppData\Local\Android\Sdk\tools\bin\..\lib\commons-codec-1.6.jar;C:\Users\user\AppData\Local\Android\Sdk\tools\bin\..\lib\common-26.0.0-dev.jar;C:\Users\user\AppData\Local\Android\Sdk\tools\bin\..\lib\kxml2-2.3.0.jar;C:\Users\user\AppData\Local\Android\Sdk\tools\bin\..\lib\httpmime-4.1.jar;C:\Users\user\AppData\Local\Android\Sdk\tools\bin\..\lib\annotations-12.0.jar;C:\Users\user\AppData\Local\Android\Sdk\tools\bin\..\lib\sdklib-26.0.0-dev.jar;C:\Users\user\AppData\Local\Android\Sdk\tools\bin\..\lib\guava-22.0.jar
PATH=C:\Program Files (x86)\Common Files\Oracle\Java\javapath;C:\Program Files (x86)\Intel\iCLS Client\;C:\Program Files\Intel\iCLS Client\;C:\Windows\system32;C:\Windows;C:\Windows\System32\Wbem;C:\Windows\System32\WindowsPowerShell\v1.0\;C:\Program Files (x86)\Intel\Intel(R) Management Engine Components\DAL;C:\Program Files\Intel\Intel(R) Management Engine Components\DAL;C:\Program Files (x86)\Intel\Intel(R) Management Engine Components\IPT;C:\Program Files\Intel\Intel(R) Management Engine Components\IPT;C:\Program Files (x86)\NVIDIA Corporation\PhysX\Common;C:\WINDOWS\system32;C:\WINDOWS;C:\WINDOWS\System32\Wbem;C:\WINDOWS\System32\WindowsPowerShell\v1.0\;C:\WINDOWS\System32\OpenSSH\;C:\Program Files (x86)\GtkSharp\2.12\bin;C:\Program Files\Common Files\Autodesk Shared\;C:\Program Files\TortoiseSVN\bin;C:\Program Files\dotnet\;C:\Program Files\TortoiseGit\bin;C:\Program Files\Git\cmd;C:\Program Files\Git LFS;C:\Users\user\AppData\Local\Microsoft\WindowsApps;C:\Users\user\AppData\Local\Programs\Microsoft VS Code\bin;C:\Users\user\AppData\Local\Android\Sdk\platform-tools;
USERNAME=user
OS=Windows_NT
PROCESSOR_IDENTIFIER=Intel64 Family 6 Model 158 Stepping 9, GenuineIntel



---------------  S Y S T E M  ---------------

OS: Windows 10.0 , 64 bit Build 18362 (10.0.18362.329)

CPU:total 8 (initial active 8) (4 cores per cpu, 2 threads per core) family 6 model 158 stepping 9, cmov, cx8, fxsr, mmx, sse, sse2, sse3, ssse3, sse4.1, sse4.2, popcnt, avx, avx2, aes, clmul, erms, rtm, 3dnowpref, lzcnt, ht, tsc, tscinvbit, bmi1, bmi2, adx

Memory: 4k page, physical 16729104k(1003336k free), swap 32220556k(5248k free)

vm_info: OpenJDK 64-Bit Server VM (25.71-b00) for windows-amd64 JRE (1.8.0-adoptopenjdk-_2018_05_19_00_59-b00), built on May 19 2018 01:02:12 by "jenkins" with MS VC++ 10.0 (VS2010)

time: Fri Mar 27 18:03:49 2020
elapsed time: 0 seconds (0d 0h 0m 0s)

